Backend Listening
Connection received: 127.0.0.1:25550
File Chunk Request received!
Backend Listening
Connection received: 127.0.0.1:25806
File Chunk Request received!
1.MSI chunk:1
1.MSI chunk:1
Backend Listening
1.MSI chunk:0
File Chunk send!
File Chunk send!
Connection received: 127.0.0.1:27086
File Chunk Request received!
Backend Listening
client.cpp chunk:0
No File Chunk!
Connection received: 127.0.0.1:28622
File Chunk Request received!
Backend Listening
front.png chunk:0
File Chunk send!
Connection received: 127.0.0.1:29902
File Chunk Request received!
Backend Listening
client.cpp chunk:0
File Chunk send!
